Arguments: 
  C:\Program Files\nodejs\node.exe C:\Users\rabet\AppData\Roaming\npm\node_modules\yarn\bin\yarn.js

PATH: 
  C:\ProgramData\Anaconda3\condabin;C:\Program Files (x86)\Common Files\Intel\Shared Libraries\redist\intel64\compiler;C:\Program Files\Python310\Scripts\;C:\Program Files\Python310\;C:\Program Files\Common Files\Oracle\Java\javapath;C:\WINDOWS\system32;C:\WINDOWS;C:\WINDOWS\System32\Wbem;C:\WINDOWS\System32\WindowsPowerShell\v1.0\;C:\WINDOWS\System32\OpenSSH\;C:\Program Files\nodejs\;C:\yarn\bin;C:\cmder;C:\php-8.1.2;C:\composer;C:\symfony-cli;C:\Users\rabet\AppData\Roaming\Python\Python310\Scripts;D:\RCShort\RCDom\bin;C:\Program Files\Git\cmd;C:\Users\rabet\AppData\Local\Microsoft\WindowsApps;C:\Users\rabet\AppData\Roaming\npm;C:\Users\rabet\AppData\Local\Programs\Microsoft VS Code\bin;C:\Users\rabet\AppData\Roaming\Composer\vendor\bin;C:\Program Files\Git\mingw64\bin;C:\Program Files\Git\usr\bin;C:\cmder\vendor\bin;C:\cmder\bin

Yarn version: 
  1.22.18

Node version: 
  16.14.2

Platform: 
  win32 x64

Trace: 
  Error: read ECONNRESET
      at TLSWrap.onStreamRead (node:internal/stream_base_commons:217:20)

npm manifest: 
  {
    "version": "1.0.1",
    "description": "Une bibliothèque JavaScript pour créer des interfaces utilisateurs",
    "main": "index.js",
    "repository": "https://github.com/WAROL52/rimax.git",
    "author": "WAROL52 <rabetsyrolio@gmail.com>",
    "license": "MIT",
    "name": "rimax",
    "type": "module",
    "devDependencies": {
      "@appland/appmap-agent-js": "^11.5.3",
      "@babel/core": "^7.18.9",
      "@babel/plugin-transform-react-jsx": "^7.18.6",
      "@rollup/plugin-babel": "^5.3.1",
      "@rollup/plugin-node-resolve": "^13.3.0",
      "@types/inquirer": "^9.0.1",
      "commander": "^9.4.0",
      "inquirer": "^9.1.2",
      "mocha": "^10.0.0",
      "nanospinner": "^1.1.0",
      "parcel": "^2.4.1",
      "rollup-plugin-babel-minify": "^10.0.0",
      "rollup-plugin-dts": "^4.2.2",
      "rollup-plugin-minify-cli": "^1.0.1",
      "rollup-plugin-sourcemaps": "^0.6.3",
      "rollup-plugin-terser": "^7.0.2",
      "rollup-sourcemap-path-transform": "^1.0.1",
      "typescript": "^4.8.4",
      "monaco-editor": "^0.34.0"
    },
    "scripts": {
      "compile": "rollup -c rollup.config.js"
    },
    "dependencies": {
      "rimax-state": "^1.0.0"
    }
  }

yarn manifest: 
  No manifest

Lockfile: 
  # THIS IS AN AUTOGENERATED FILE. DO NOT EDIT THIS FILE DIRECTLY.
  # yarn lockfile v1
  
  
  rimax-state@^1.0.0:
    version "1.0.0"
    resolved "https://registry.yarnpkg.com/rimax-state/-/rimax-state-1.0.0.tgz#c81ef13d5cf9cc4d84f389ababf3911b16e043b4"
    integrity sha512-PBVUsDoQV9Min5ETaHwrsH5Rg6ftRC/hLfg4i/VEMBdPtPr/EfKh1Q3IU+Q+FCA8MvIPZ2eKPOcLD9VKjp30Uw==
